1647251937244	geckodriver	INFO	Listening on 127.0.0.1:46163
1647251937747	mozrunner::runner	INFO	Running command: "/usr/bin/firefox" "--marionette" "--remote-debugging-port" "58887" "-no-remote" "-profile" "/tmp/rust_mozprofileRSNnwA"
Unable to init server: Broadway display type not supported: localhost:0
Error: cannot open display: localhost:0
1647251960411	geckodriver	INFO	Listening on 127.0.0.1:53279
1647251960914	mozrunner::runner	INFO	Running command: "/usr/bin/firefox" "--marionette" "--remote-debugging-port" "40111" "-no-remote" "-profile" "/tmp/rust_mozprofilePUhWs7"
1647251961364	Marionette	INFO	Marionette enabled
console.warn: SearchSettings: "get: No settings file exists, new profile?" (new NotFoundError("Could not open the file at /tmp/rust_mozprofilePUhWs7/search.json.mozlz4", (void 0)))
DevTools listening on ws://localhost:40111/devtools/browser/f6ff827b-8c0a-4992-89dc-745846eb3bc1
1647251963815	Marionette	INFO	Listening on port 46015
1647251963888	RemoteAgent	WARN	TLS certificate errors will be ignored for this session
1647251968817	Marionette	INFO	Stopped listening on port 46015
console.warn: TopSitesFeed: Failed to fetch data from Contile server: NetworkError when attempting to fetch resource.
1647251980816	geckodriver	INFO	Listening on 127.0.0.1:45031
1647251981322	mozrunner::runner	INFO	Running command: "/usr/bin/firefox" "--marionette" "--remote-debugging-port" "41835" "-no-remote" "-profile" "/tmp/rust_mozprofiletWXar5"
Unable to init server: Broadway display type not supported: localhost:0
Error: cannot open display: localhost:0
1647252176270	geckodriver	INFO	Listening on 127.0.0.1:48179
1647252176773	mozrunner::runner	INFO	Running command: "/usr/bin/firefox" "--marionette" "-headless" "--remote-debugging-port" "44079" "-no-remote" "-profile" "/tmp/rust_mozprofileiNQqsc"
*** You are running in headless mode.
[GFX1-]: glxtest: Unable to open a connection to the X server
[GFX1-]: glxtest: libEGL initialize failed
1647252177017	Marionette	INFO	Marionette enabled
[GFX1-]: RenderCompositorSWGL failed mapping default framebuffer, no dt
console.warn: SearchSettings: "get: No settings file exists, new profile?" (new NotFoundError("Could not open the file at /tmp/rust_mozprofileiNQqsc/search.json.mozlz4", (void 0)))
DevTools listening on ws://localhost:44079/devtools/browser/ad79f51c-2926-44e0-806c-5d584d2f5d86
1647252178394	Marionette	INFO	Listening on port 46693
1647252178510	RemoteAgent	WARN	TLS certificate errors will be ignored for this session
JavaScript warning: https://pagead2.googlesyndication.com/bg/cYUZDpkDTLiaCxFKW6PIDwgD40qdhgxPHck_a-4gLzE.js line 1 > eval line 213 > eval line 1 > eval line 1 > eval, line 1: WebGL warning: <Create>: WebglAllowWindowsNativeGl:false restricts context creation on this system.
JavaScript warning: https://pagead2.googlesyndication.com/bg/cYUZDpkDTLiaCxFKW6PIDwgD40qdhgxPHck_a-4gLzE.js line 1 > eval line 213 > eval line 1 > eval line 1 > eval, line 1: Failed to create WebGL context: WebGL creation failed: 
* WebglAllowWindowsNativeGl:false restricts context creation on this system. ()
* Exhausted GL driver options. (FEATURE_FAILURE_WEBGL_EXHAUSTED_DRIVERS)
1647252188964	Marionette	INFO	Stopped listening on port 46693

###!!! [Parent][PContentParent] Error: Send(msgname=PContent::Reply_DiscardBrowsingContext) Closed channel: cannot send/recv


###!!! [Parent][PContentParent] Error: Send(msgname=PContent::Reply_DiscardBrowsingContext) Closed channel: cannot send/recv


###!!! [Parent][PContentParent] Error: Send(msgname=PContent::Reply_DiscardBrowsingContext) Closed channel: cannot send/recv


###!!! [Parent][PContentParent] Error: Send(msgname=PContent::Reply_DiscardBrowsingContext) Closed channel: cannot send/recv


###!!! [Parent][PContentParent] Error: Send(msgname=PContent::Reply_DiscardBrowsingContext) Closed channel: cannot send/recv


###!!! [Parent][PContentParent] Error: Send(msgname=PContent::Reply_DiscardBrowsingContext) Closed channel: cannot send/recv


###!!! [Parent][PContentParent] Error: Send(msgname=PContent::Reply_DiscardBrowsingContext) Closed channel: cannot send/recv


###!!! [Parent][PContentParent] Error: Send(msgname=PContent::Reply_DiscardBrowsingContext) Closed channel: cannot send/recv


###!!! [Parent][PContentParent] Error: Send(msgname=PContent::Reply_DiscardBrowsingContext) Closed channel: cannot send/recv


###!!! [Parent][PContentParent] Error: Send(msgname=PContent::Reply_DiscardBrowsingContext) Closed channel: cannot send/recv


###!!! [Parent][PContentParent] Error: Send(msgname=PContent::Reply_DiscardBrowsingContext) Closed channel: cannot send/recv


###!!! [Parent][PContentParent] Error: Send(msgname=PContent::Reply_DiscardBrowsingContext) Closed channel: cannot send/recv


###!!! [Parent][PContentParent] Error: Send(msgname=PContent::Reply_DiscardBrowsingContext) Closed channel: cannot send/recv


###!!! [Parent][PContentParent] Error: Send(msgname=PContent::Reply_DiscardBrowsingContext) Closed channel: cannot send/recv


###!!! [Parent][PContentParent] Error: Send(msgname=PContent::Reply_DiscardBrowsingContext) Closed channel: cannot send/recv


###!!! [Parent][PContentParent] Error: Send(msgname=PContent::Reply_DiscardBrowsingContext) Closed channel: cannot send/recv


###!!! [Parent][PContentParent] Error: Send(msgname=PContent::Msg_DestroyBrowsingContextGroup) Closed channel: cannot send/recv

JavaScript error: resource://gre/modules/Sqlite.jsm, line 1105: Error: Sqlite.jsm has been shutdown. Cannot open connection to: /tmp/rust_mozprofileiNQqsc/protections.sqlite

###!!! [Child][PContentChild] Error: RunMessage(msgname=PHttpChannel::Msg_FailedAsyncOpen) Channel closing: too late to send/recv, messages will be lost


###!!! [Child][PContentChild] Error: RunMessage(msgname=PHttpChannel::Msg_FailedAsyncOpen) Channel closing: too late to send/recv, messages will be lost


###!!! [Child][PContentChild] Error: RunMessage(msgname=PHttpChannel::Msg_FailedAsyncOpen) Channel closing: too late to send/recv, messages will be lost


###!!! [Child][PContentChild] Error: RunMessage(msgname=PContent::Msg_DiscardBrowsingContext) Channel closing: too late to send/recv, messages will be lost


###!!! [Child][PContentChild] Error: RunMessage(msgname=PContent::Msg_DiscardBrowsingContext) Channel closing: too late to send/recv, messages will be lost


###!!! [Child][PContentChild] Error: RunMessage(msgname=PContent::Msg_DiscardBrowsingContext) Channel closing: too late to send/recv, messages will be lost


###!!! [Child][PContentChild] Error: RunMessage(msgname=PContent::Msg_DiscardBrowsingContext) Channel closing: too late to send/recv, messages will be lost


###!!! [Child][PContentChild] Error: RunMessage(msgname=PContent::Msg_DiscardBrowsingContext) Channel closing: too late to send/recv, messages will be lost


###!!! [Child][PContentChild] Error: RunMessage(msgname=PContent::Msg_DiscardBrowsingContext) Channel closing: too late to send/recv, messages will be lost


###!!! [Child][PContentChild] Error: RunMessage(msgname=PContent::Msg_DiscardBrowsingContext) Channel closing: too late to send/recv, messages will be lost


###!!! [Child][PContentChild] Error: RunMessage(msgname=PContent::Msg_DiscardBrowsingContext) Channel closing: too late to send/recv, messages will be lost


###!!! [Child][PContentChild] Error: RunMessage(msgname=PContent::Msg_DiscardBrowsingContext) Channel closing: too late to send/recv, messages will be lost


###!!! [Child][PContentChild] Error: RunMessage(msgname=PContent::Msg_DiscardBrowsingContext) Channel closing: too late to send/recv, messages will be lost


###!!! [Child][PContentChild] Error: RunMessage(msgname=PContent::Msg_DiscardBrowsingContext) Channel closing: too late to send/recv, messages will be lost


###!!! [Child][PContentChild] Error: RunMessage(msgname=PContent::Msg_DiscardBrowsingContext) Channel closing: too late to send/recv, messages will be lost


###!!! [Child][PContentChild] Error: RunMessage(msgname=PContent::Msg_DiscardBrowsingContext) Channel closing: too late to send/recv, messages will be lost


###!!! [Child][PContentChild] Error: RunMessage(msgname=PContent::Msg_DiscardBrowsingContext) Channel closing: too late to send/recv, messages will be lost


###!!! [Child][PContentChild] Error: RunMessage(msgname=PContent::Msg_DiscardBrowsingContext) Channel closing: too late to send/recv, messages will be lost


###!!! [Child][PContentChild] Error: RunMessage(msgname=PContent::Msg_DiscardBrowsingContext) Channel closing: too late to send/recv, messages will be lost


###!!! [Child][PContentChild] Error: RunMessage(msgname=PContent::Reply_DiscardBrowsingContext) Channel closing: too late to send/recv, messages will be lost


###!!! [Child][PContentChild] Error: RunMessage(msgname=PHttpChannel::Msg_DeleteSelf) Channel closing: too late to send/recv, messages will be lost


###!!! [Child][PContentChild] Error: RunMessage(msgname=PHttpChannel::Msg_DeleteSelf) Channel closing: too late to send/recv, messages will be lost

1647252300469	geckodriver	INFO	Listening on 127.0.0.1:45325
1647252300976	mozrunner::runner	INFO	Running command: "/usr/bin/firefox" "--marionette" "-headless" "--remote-debugging-port" "56277" "-no-remote" "-profile" "/tmp/rust_mozprofileDUoCvw"
*** You are running in headless mode.
[GFX1-]: glxtest: Unable to open a connection to the X server
[GFX1-]: glxtest: libEGL initialize failed
1647252301181	Marionette	INFO	Marionette enabled
[GFX1-]: RenderCompositorSWGL failed mapping default framebuffer, no dt
console.warn: SearchSettings: "get: No settings file exists, new profile?" (new NotFoundError("Could not open the file at /tmp/rust_mozprofileDUoCvw/search.json.mozlz4", (void 0)))
DevTools listening on ws://localhost:56277/devtools/browser/9251a086-3931-48dd-aae2-433ac45dbe04
1647252302341	Marionette	INFO	Listening on port 40931
1647252302378	RemoteAgent	WARN	TLS certificate errors will be ignored for this session
JavaScript warning: https://pagead2.googlesyndication.com/bg/cYUZDpkDTLiaCxFKW6PIDwgD40qdhgxPHck_a-4gLzE.js line 1 > eval line 4719 > eval line 1 > eval line 1 > eval, line 1: WebGL warning: <Create>: WebglAllowWindowsNativeGl:false restricts context creation on this system.
JavaScript warning: https://pagead2.googlesyndication.com/bg/cYUZDpkDTLiaCxFKW6PIDwgD40qdhgxPHck_a-4gLzE.js line 1 > eval line 4719 > eval line 1 > eval line 1 > eval, line 1: Failed to create WebGL context: WebGL creation failed: 
* WebglAllowWindowsNativeGl:false restricts context creation on this system. ()
* Exhausted GL driver options. (FEATURE_FAILURE_WEBGL_EXHAUSTED_DRIVERS)
JavaScript warning: https://imasdk.googleapis.com/formats/outstream/versioned/prod2/outstream_web_client_20211103_RC00/outstream.min.js, line 640: This error message will be blank when privacy.resistFingerprinting = true.  If it is really necessary, please add it to the whitelist in MediaError::GetMessage: Failed to open media
JavaScript warning: https://pagead2.googlesyndication.com/bg/cYUZDpkDTLiaCxFKW6PIDwgD40qdhgxPHck_a-4gLzE.js line 1 > eval line 6698 > eval line 1 > eval line 1 > eval, line 1: WebGL warning: <Create>: WebglAllowWindowsNativeGl:false restricts context creation on this system.
JavaScript warning: https://pagead2.googlesyndication.com/bg/cYUZDpkDTLiaCxFKW6PIDwgD40qdhgxPHck_a-4gLzE.js line 1 > eval line 6698 > eval line 1 > eval line 1 > eval, line 1: Failed to create WebGL context: WebGL creation failed: 
* WebglAllowWindowsNativeGl:false restricts context creation on this system. ()
* Exhausted GL driver options. (FEATURE_FAILURE_WEBGL_EXHAUSTED_DRIVERS)
1647252313060	Marionette	INFO	Stopped listening on port 40931
JavaScript error: , line 0: TypeError: NetworkError when attempting to fetch resource.

###!!! [Parent][PContentParent] Error: Send(msgname=PContent::Reply_DiscardBrowsingContext) Closed channel: cannot send/recv


###!!! [Parent][PContentParent] Error: Send(msgname=PContent::Reply_DiscardBrowsingContext) Closed channel: cannot send/recv


###!!! [Parent][PContentParent] Error: Send(msgname=PContent::Reply_DiscardBrowsingContext) Closed channel: cannot send/recv


###!!! [Parent][PContentParent] Error: Send(msgname=PContent::Reply_DiscardBrowsingContext) Closed channel: cannot send/recv


###!!! [Parent][PContentParent] Error: Send(msgname=PContent::Reply_DiscardBrowsingContext) Closed channel: cannot send/recv


###!!! [Parent][PContentParent] Error: Send(msgname=PContent::Reply_DiscardBrowsingContext) Closed channel: cannot send/recv


###!!! [Parent][PContentParent] Error: Send(msgname=PContent::Reply_DiscardBrowsingContext) Closed channel: cannot send/recv


###!!! [Parent][PContentParent] Error: Send(msgname=PContent::Reply_DiscardBrowsingContext) Closed channel: cannot send/recv


###!!! [Parent][PContentParent] Error: Send(msgname=PContent::Reply_DiscardBrowsingContext) Closed channel: cannot send/recv


###!!! [Parent][PContentParent] Error: Send(msgname=PContent::Reply_DiscardBrowsingContext) Closed channel: cannot send/recv


###!!! [Parent][PContentParent] Error: Send(msgname=PContent::Reply_DiscardBrowsingContext) Closed channel: cannot send/recv


###!!! [Parent][PContentParent] Error: Send(msgname=PContent::Reply_DiscardBrowsingContext) Closed channel: cannot send/recv


###!!! [Parent][PContentParent] Error: Send(msgname=PContent::Reply_DiscardBrowsingContext) Closed channel: cannot send/recv


###!!! [Parent][PContentParent] Error: Send(msgname=PContent::Reply_DiscardBrowsingContext) Closed channel: cannot send/recv


###!!! [Parent][PContentParent] Error: Send(msgname=PContent::Reply_DiscardBrowsingContext) Closed channel: cannot send/recv


###!!! [Parent][PContentParent] Error: Send(msgname=PContent::Reply_DiscardBrowsingContext) Closed channel: cannot send/recv


###!!! [Parent][PContentParent] Error: Send(msgname=PContent::Msg_DestroyBrowsingContextGroup) Closed channel: cannot send/recv


###!!! [Parent][PContentParent] Error: Send(msgname=PContent::Reply_DiscardBrowsingContext) Closed channel: cannot send/recv

JavaScript error: resource://gre/modules/AsyncShutdown.jsm, line 718: Error: Phase "Sqlite.jsm: wait until all connections are closed" is finished, it is too late to register completion condition "protections.sqlite#0: waiting for shutdown"
1647252417891	geckodriver	INFO	Listening on 127.0.0.1:35379
1647252418396	mozrunner::runner	INFO	Running command: "/usr/bin/firefox" "--marionette" "-headless" "--remote-debugging-port" "46463" "-no-remote" "-profile" "/tmp/rust_mozprofileyfRcGl"
*** You are running in headless mode.
[GFX1-]: glxtest: Unable to open a connection to the X server
[GFX1-]: glxtest: libEGL initialize failed
1647252418631	Marionette	INFO	Marionette enabled
[GFX1-]: RenderCompositorSWGL failed mapping default framebuffer, no dt
console.warn: SearchSettings: "get: No settings file exists, new profile?" (new NotFoundError("Could not open the file at /tmp/rust_mozprofileyfRcGl/search.json.mozlz4", (void 0)))
DevTools listening on ws://localhost:46463/devtools/browser/4e3e6143-80a3-4bc7-8050-08d7b8bef340
1647252420357	Marionette	INFO	Listening on port 46161
1647252420397	RemoteAgent	WARN	TLS certificate errors will be ignored for this session
JavaScript warning: https://pagead2.googlesyndication.com/bg/cYUZDpkDTLiaCxFKW6PIDwgD40qdhgxPHck_a-4gLzE.js line 1 > eval line 4334 > eval line 1 > eval line 1 > eval, line 1: WebGL warning: <Create>: WebglAllowWindowsNativeGl:false restricts context creation on this system.
JavaScript warning: https://pagead2.googlesyndication.com/bg/cYUZDpkDTLiaCxFKW6PIDwgD40qdhgxPHck_a-4gLzE.js line 1 > eval line 4334 > eval line 1 > eval line 1 > eval, line 1: Failed to create WebGL context: WebGL creation failed: 
* WebglAllowWindowsNativeGl:false restricts context creation on this system. ()
* Exhausted GL driver options. (FEATURE_FAILURE_WEBGL_EXHAUSTED_DRIVERS)
1647252429568	Marionette	INFO	Stopped listening on port 46161
1647252504429	geckodriver	INFO	Listening on 127.0.0.1:60159
1647252504935	mozrunner::runner	INFO	Running command: "/usr/bin/firefox" "--marionette" "-headless" "--remote-debugging-port" "47863" "-no-remote" "-profile" "/tmp/rust_mozprofileCYjTzX"
*** You are running in headless mode.
[GFX1-]: glxtest: Unable to open a connection to the X server
[GFX1-]: glxtest: libEGL initialize failed
1647252505141	Marionette	INFO	Marionette enabled
[GFX1-]: RenderCompositorSWGL failed mapping default framebuffer, no dt
console.warn: SearchSettings: "get: No settings file exists, new profile?" (new NotFoundError("Could not open the file at /tmp/rust_mozprofileCYjTzX/search.json.mozlz4", (void 0)))
DevTools listening on ws://localhost:47863/devtools/browser/53b6ec23-d2f6-4c23-bc95-0c2f4febc45e
1647252507889	Marionette	INFO	Listening on port 38113
1647252507941	RemoteAgent	WARN	TLS certificate errors will be ignored for this session
JavaScript warning: https://pagead2.googlesyndication.com/bg/cYUZDpkDTLiaCxFKW6PIDwgD40qdhgxPHck_a-4gLzE.js line 1 > eval line 4335 > eval line 1 > eval line 1 > eval, line 1: WebGL warning: <Create>: WebglAllowWindowsNativeGl:false restricts context creation on this system.
JavaScript warning: https://pagead2.googlesyndication.com/bg/cYUZDpkDTLiaCxFKW6PIDwgD40qdhgxPHck_a-4gLzE.js line 1 > eval line 4335 > eval line 1 > eval line 1 > eval, line 1: Failed to create WebGL context: WebGL creation failed: 
* WebglAllowWindowsNativeGl:false restricts context creation on this system. ()
* Exhausted GL driver options. (FEATURE_FAILURE_WEBGL_EXHAUSTED_DRIVERS)
1647252517190	Marionette	INFO	Stopped listening on port 38113

###!!! [Parent][PContentParent] Error: Send(msgname=PContent::Reply_DiscardBrowsingContext) Closed channel: cannot send/recv


###!!! [Parent][PContentParent] Error: Send(msgname=PContent::Reply_DiscardBrowsingContext) Closed channel: cannot send/recv


###!!! [Parent][PContentParent] Error: Send(msgname=PContent::Reply_DiscardBrowsingContext) Closed channel: cannot send/recv


###!!! [Parent][PContentParent] Error: Send(msgname=PContent::Reply_DiscardBrowsingContext) Closed channel: cannot send/recv


###!!! [Parent][PContentParent] Error: Send(msgname=PContent::Reply_DiscardBrowsingContext) Closed channel: cannot send/recv


###!!! [Parent][PContentParent] Error: Send(msgname=PContent::Reply_DiscardBrowsingContext) Closed channel: cannot send/recv


###!!! [Parent][PContentParent] Error: Send(msgname=PContent::Msg_DestroyBrowsingContextGroup) Closed channel: cannot send/recv


###!!! [Parent][PContentParent] Error: Send(msgname=PContent::Reply_DiscardBrowsingContext) Closed channel: cannot send/recv

1647252555576	geckodriver	INFO	Listening on 127.0.0.1:50921
1647252556082	mozrunner::runner	INFO	Running command: "/usr/bin/firefox" "--marionette" "-headless" "--remote-debugging-port" "35239" "-no-remote" "-profile" "/tmp/rust_mozprofileIFb6wN"
*** You are running in headless mode.
[GFX1-]: glxtest: Unable to open a connection to the X server
[GFX1-]: glxtest: libEGL initialize failed
1647252556285	Marionette	INFO	Marionette enabled
[GFX1-]: RenderCompositorSWGL failed mapping default framebuffer, no dt
console.warn: SearchSettings: "get: No settings file exists, new profile?" (new NotFoundError("Could not open the file at /tmp/rust_mozprofileIFb6wN/search.json.mozlz4", (void 0)))
DevTools listening on ws://localhost:35239/devtools/browser/4de475d2-bad5-4ffc-a73d-08276d0f16f6
1647252557681	Marionette	INFO	Listening on port 40943
1647252557808	RemoteAgent	WARN	TLS certificate errors will be ignored for this session
Exiting due to channel error.
Exiting due to channel error.
Exiting due to channel error.
1647252648315	geckodriver	INFO	Listening on 127.0.0.1:40971
1647252648821	mozrunner::runner	INFO	Running command: "/usr/bin/firefox" "--marionette" "-headless" "--remote-debugging-port" "47285" "-no-remote" "-profile" "/tmp/rust_mozprofile5KFF1A"
*** You are running in headless mode.
[GFX1-]: glxtest: Unable to open a connection to the X server
[GFX1-]: glxtest: libEGL initialize failed
1647252649030	Marionette	INFO	Marionette enabled
[GFX1-]: RenderCompositorSWGL failed mapping default framebuffer, no dt
console.warn: SearchSettings: "get: No settings file exists, new profile?" (new NotFoundError("Could not open the file at /tmp/rust_mozprofile5KFF1A/search.json.mozlz4", (void 0)))
DevTools listening on ws://localhost:47285/devtools/browser/e756ca7e-6f91-44bb-be35-87170ba4b240
1647252650174	Marionette	INFO	Listening on port 45813
1647252650205	RemoteAgent	WARN	TLS certificate errors will be ignored for this session
JavaScript warning: https://pagead2.googlesyndication.com/bg/cYUZDpkDTLiaCxFKW6PIDwgD40qdhgxPHck_a-4gLzE.js line 1 > eval line 3730 > eval line 1 > eval line 1 > eval, line 1: WebGL warning: <Create>: WebglAllowWindowsNativeGl:false restricts context creation on this system.
JavaScript warning: https://pagead2.googlesyndication.com/bg/cYUZDpkDTLiaCxFKW6PIDwgD40qdhgxPHck_a-4gLzE.js line 1 > eval line 3730 > eval line 1 > eval line 1 > eval, line 1: Failed to create WebGL context: WebGL creation failed: 
* WebglAllowWindowsNativeGl:false restricts context creation on this system. ()
* Exhausted GL driver options. (FEATURE_FAILURE_WEBGL_EXHAUSTED_DRIVERS)
1647252660956	Marionette	INFO	Stopped listening on port 45813

###!!! [Parent][PContentParent] Error: Send(msgname=PContent::Reply_DiscardBrowsingContext) Closed channel: cannot send/recv


###!!! [Parent][PContentParent] Error: Send(msgname=PContent::Reply_DiscardBrowsingContext) Closed channel: cannot send/recv


###!!! [Parent][PContentParent] Error: Send(msgname=PContent::Reply_DiscardBrowsingContext) Closed channel: cannot send/recv


###!!! [Parent][PContentParent] Error: Send(msgname=PContent::Reply_DiscardBrowsingContext) Closed channel: cannot send/recv


###!!! [Parent][PContentParent] Error: Send(msgname=PContent::Reply_DiscardBrowsingContext) Closed channel: cannot send/recv


###!!! [Parent][PContentParent] Error: Send(msgname=PContent::Reply_DiscardBrowsingContext) Closed channel: cannot send/recv


###!!! [Parent][PContentParent] Error: Send(msgname=PContent::Reply_DiscardBrowsingContext) Closed channel: cannot send/recv


###!!! [Parent][PContentParent] Error: Send(msgname=PContent::Reply_DiscardBrowsingContext) Closed channel: cannot send/recv


###!!! [Parent][PContentParent] Error: Send(msgname=PContent::Reply_DiscardBrowsingContext) Closed channel: cannot send/recv


###!!! [Parent][PContentParent] Error: Send(msgname=PContent::Reply_DiscardBrowsingContext) Closed channel: cannot send/recv


###!!! [Parent][PContentParent] Error: Send(msgname=PContent::Reply_DiscardBrowsingContext) Closed channel: cannot send/recv


###!!! [Parent][PContentParent] Error: Send(msgname=PContent::Reply_DiscardBrowsingContext) Closed channel: cannot send/recv


###!!! [Parent][PContentParent] Error: Send(msgname=PContent::Reply_DiscardBrowsingContext) Closed channel: cannot send/recv


###!!! [Parent][PContentParent] Error: Send(msgname=PContent::Reply_DiscardBrowsingContext) Closed channel: cannot send/recv


###!!! [Parent][PContentParent] Error: Send(msgname=PContent::Reply_DiscardBrowsingContext) Closed channel: cannot send/recv


###!!! [Parent][PContentParent] Error: Send(msgname=PContent::Reply_DiscardBrowsingContext) Closed channel: cannot send/recv


###!!! [Parent][PContentParent] Error: Send(msgname=PContent::Reply_DiscardBrowsingContext) Closed channel: cannot send/recv


###!!! [Child][PContentChild] Error: RunMessage(msgname=PHttpChannel::Msg_FailedAsyncOpen) Channel closing: too late to send/recv, messages will be lost


###!!! [Child][PContentChild] Error: RunMessage(msgname=PHttpChannel::Msg_FailedAsyncOpen) Channel closing: too late to send/recv, messages will be lost


###!!! [Parent][PContentParent] Error: Send(msgname=PContent::Msg_DestroyBrowsingContextGroup) Closed channel: cannot send/recv


###!!! [Child][PContentChild] Error: RunMessage(msgname=PHttpChannel::Msg_FailedAsyncOpen) Channel closing: too late to send/recv, messages will be lost


###!!! [Child][PContentChild] Error: RunMessage(msgname=PHttpChannel::Msg_FailedAsyncOpen) Channel closing: too late to send/recv, messages will be lost


###!!! [Child][PContentChild] Error: RunMessage(msgname=PContent::Msg_DiscardBrowsingContext) Channel closing: too late to send/recv, messages will be lost


###!!! [Child][PContentChild] Error: RunMessage(msgname=PContent::Msg_DiscardBrowsingContext) Channel closing: too late to send/recv, messages will be lost


###!!! [Child][PContentChild] Error: RunMessage(msgname=PContent::Msg_DiscardBrowsingContext) Channel closing: too late to send/recv, messages will be lost


###!!! [Child][PContentChild] Error: RunMessage(msgname=PContent::Msg_DiscardBrowsingContext) Channel closing: too late to send/recv, messages will be lost


###!!! [Child][PContentChild] Error: RunMessage(msgname=PContent::Msg_DiscardBrowsingContext) Channel closing: too late to send/recv, messages will be lost


###!!! [Child][PContentChild] Error: RunMessage(msgname=PContent::Msg_DiscardBrowsingContext) Channel closing: too late to send/recv, messages will be lost


###!!! [Child][PContentChild] Error: RunMessage(msgname=PContent::Msg_DiscardBrowsingContext) Channel closing: too late to send/recv, messages will be lost


###!!! [Child][PContentChild] Error: RunMessage(msgname=PContent::Msg_DiscardBrowsingContext) Channel closing: too late to send/recv, messages will be lost


###!!! [Child][PContentChild] Error: RunMessage(msgname=PContent::Msg_DiscardBrowsingContext) Channel closing: too late to send/recv, messages will be lost

JavaScript error: resource://gre/modules/Sqlite.jsm, line 1105: Error: Sqlite.jsm has been shutdown. Cannot open connection to: /tmp/rust_mozprofile5KFF1A/protections.sqlite

###!!! [Child][PContentChild] Error: RunMessage(msgname=PContent::Msg_DiscardBrowsingContext) Channel closing: too late to send/recv, messages will be lost


###!!! [Child][PContentChild] Error: RunMessage(msgname=PContent::Msg_DiscardBrowsingContext) Channel closing: too late to send/recv, messages will be lost


###!!! [Child][PContentChild] Error: RunMessage(msgname=PContent::Msg_DiscardBrowsingContext) Channel closing: too late to send/recv, messages will be lost


###!!! [Child][PContentChild] Error: RunMessage(msgname=PContent::Msg_DiscardBrowsingContext) Channel closing: too late to send/recv, messages will be lost


###!!! [Child][PContentChild] Error: RunMessage(msgname=PContent::Msg_DiscardBrowsingContext) Channel closing: too late to send/recv, messages will be lost


###!!! [Child][PContentChild] Error: RunMessage(msgname=PContent::Msg_DiscardBrowsingContext) Channel closing: too late to send/recv, messages will be lost


###!!! [Child][PContentChild] Error: RunMessage(msgname=PContent::Msg_DiscardBrowsingContext) Channel closing: too late to send/recv, messages will be lost


###!!! [Child][PContentChild] Error: RunMessage(msgname=PContent::Msg_DiscardBrowsingContext) Channel closing: too late to send/recv, messages will be lost


###!!! [Child][PContentChild] Error: RunMessage(msgname=PContent::Reply_DiscardBrowsingContext) Channel closing: too late to send/recv, messages will be lost


###!!! [Child][PContentChild] Error: RunMessage(msgname=PHttpChannel::Msg_DeleteSelf) Channel closing: too late to send/recv, messages will be lost

1647252881608	geckodriver	INFO	Listening on 127.0.0.1:39877
1647252882113	mozrunner::runner	INFO	Running command: "/usr/bin/firefox" "--marionette" "-headless" "--remote-debugging-port" "55833" "-no-remote" "-profile" "/tmp/rust_mozprofileUV9Vu8"
*** You are running in headless mode.
[GFX1-]: glxtest: Unable to open a connection to the X server
[GFX1-]: glxtest: libEGL initialize failed
1647252882322	Marionette	INFO	Marionette enabled
[GFX1-]: RenderCompositorSWGL failed mapping default framebuffer, no dt
console.warn: SearchSettings: "get: No settings file exists, new profile?" (new NotFoundError("Could not open the file at /tmp/rust_mozprofileUV9Vu8/search.json.mozlz4", (void 0)))
DevTools listening on ws://localhost:55833/devtools/browser/cb14ce0a-372c-47d5-adbe-886d43e67c39
1647252883659	Marionette	INFO	Listening on port 40727
1647252883698	RemoteAgent	WARN	TLS certificate errors will be ignored for this session
1647252905986	geckodriver	INFO	Listening on 127.0.0.1:46119
1647252906491	mozrunner::runner	INFO	Running command: "/usr/bin/firefox" "--marionette" "-headless" "--remote-debugging-port" "52947" "-no-remote" "-profile" "/tmp/rust_mozprofileVKMYfX"
*** You are running in headless mode.
[GFX1-]: glxtest: Unable to open a connection to the X server
[GFX1-]: glxtest: libEGL initialize failed
1647252906712	Marionette	INFO	Marionette enabled
[GFX1-]: RenderCompositorSWGL failed mapping default framebuffer, no dt
console.warn: SearchSettings: "get: No settings file exists, new profile?" (new NotFoundError("Could not open the file at /tmp/rust_mozprofileVKMYfX/search.json.mozlz4", (void 0)))
DevTools listening on ws://localhost:52947/devtools/browser/65f814da-fc26-49a1-9365-4651b17efeff
1647252908572	Marionette	INFO	Listening on port 38663
1647252908647	RemoteAgent	WARN	TLS certificate errors will be ignored for this session
1647252939363	geckodriver	INFO	Listening on 127.0.0.1:35701
1647252939867	mozrunner::runner	INFO	Running command: "/usr/bin/firefox" "--marionette" "-headless" "--remote-debugging-port" "33685" "-no-remote" "-profile" "/tmp/rust_mozprofile4n1yCK"
*** You are running in headless mode.
[GFX1-]: glxtest: Unable to open a connection to the X server
[GFX1-]: glxtest: libEGL initialize failed
1647252940086	Marionette	INFO	Marionette enabled
[GFX1-]: RenderCompositorSWGL failed mapping default framebuffer, no dt
console.warn: SearchSettings: "get: No settings file exists, new profile?" (new NotFoundError("Could not open the file at /tmp/rust_mozprofile4n1yCK/search.json.mozlz4", (void 0)))
DevTools listening on ws://localhost:33685/devtools/browser/5b24154e-8238-4e82-a516-6d48dcd08623
1647252943493	Marionette	INFO	Listening on port 41197
1647252943577	RemoteAgent	WARN	TLS certificate errors will be ignored for this session
1647252966122	geckodriver	INFO	Listening on 127.0.0.1:42305
1647252966628	mozrunner::runner	INFO	Running command: "/usr/bin/firefox" "--marionette" "-headless" "--remote-debugging-port" "40539" "-no-remote" "-profile" "/tmp/rust_mozprofilegTRShr"
*** You are running in headless mode.
[GFX1-]: glxtest: Unable to open a connection to the X server
[GFX1-]: glxtest: libEGL initialize failed
1647252966930	Marionette	INFO	Marionette enabled
[GFX1-]: RenderCompositorSWGL failed mapping default framebuffer, no dt
console.warn: SearchSettings: "get: No settings file exists, new profile?" (new NotFoundError("Could not open the file at /tmp/rust_mozprofilegTRShr/search.json.mozlz4", (void 0)))
DevTools listening on ws://localhost:40539/devtools/browser/cc0fb671-ddd0-4ee7-9003-ebae9aca76b4
1647252968768	Marionette	INFO	Listening on port 39259
1647252968859	RemoteAgent	WARN	TLS certificate errors will be ignored for this session
console.warn: LoginRecipes: "getRecipes: falling back to a synchronous message for:" "https://www.google.com"
1647252975592	Marionette	INFO	Stopped listening on port 39259
1647253664694	geckodriver	INFO	Listening on 127.0.0.1:52505
1647253665200	mozrunner::runner	INFO	Running command: "/usr/bin/firefox" "--marionette" "-headless" "--remote-debugging-port" "52907" "-no-remote" "-profile" "/tmp/rust_mozprofileUn3KR4"
*** You are running in headless mode.
[GFX1-]: glxtest: Unable to open a connection to the X server
[GFX1-]: glxtest: libEGL initialize failed
1647253665410	Marionette	INFO	Marionette enabled
[GFX1-]: RenderCompositorSWGL failed mapping default framebuffer, no dt
console.warn: SearchSettings: "get: No settings file exists, new profile?" (new NotFoundError("Could not open the file at /tmp/rust_mozprofileUn3KR4/search.json.mozlz4", (void 0)))
DevTools listening on ws://localhost:52907/devtools/browser/43635031-d1f3-4442-8fd6-c9b1cb933c7d
1647253667301	Marionette	INFO	Listening on port 45987
1647253667312	RemoteAgent	WARN	TLS certificate errors will be ignored for this session
1647253811874	geckodriver	INFO	Listening on 127.0.0.1:51253
1647253812377	mozrunner::runner	INFO	Running command: "/usr/bin/firefox" "--marionette" "-headless" "--remote-debugging-port" "36639" "-no-remote" "-profile" "/tmp/rust_mozprofilegTm9UL"
*** You are running in headless mode.
[GFX1-]: glxtest: Unable to open a connection to the X server
[GFX1-]: glxtest: libEGL initialize failed
1647253812664	Marionette	INFO	Marionette enabled
[GFX1-]: RenderCompositorSWGL failed mapping default framebuffer, no dt
console.warn: SearchSettings: "get: No settings file exists, new profile?" (new NotFoundError("Could not open the file at /tmp/rust_mozprofilegTm9UL/search.json.mozlz4", (void 0)))
DevTools listening on ws://localhost:36639/devtools/browser/ac2c240a-7b5d-4c59-8fc2-095c8bca80eb
1647253814587	Marionette	INFO	Listening on port 39577
1647253814684	RemoteAgent	WARN	TLS certificate errors will be ignored for this session
1647254229723	geckodriver	INFO	Listening on 127.0.0.1:38897
1647254230225	mozrunner::runner	INFO	Running command: "/usr/bin/firefox" "--marionette" "-headless" "--remote-debugging-port" "46939" "-no-remote" "-profile" "/tmp/rust_mozprofile41OdzB"
*** You are running in headless mode.
1647254230509	Marionette	INFO	Marionette enabled
[GFX1-]: RenderCompositorSWGL failed mapping default framebuffer, no dt
console.warn: SearchSettings: "get: No settings file exists, new profile?" (new NotFoundError("Could not open the file at /tmp/rust_mozprofile41OdzB/search.json.mozlz4", (void 0)))
DevTools listening on ws://localhost:46939/devtools/browser/01ca4dfb-2c3b-484c-84e4-6ed1c1f7cbdd
1647254232648	Marionette	INFO	Listening on port 37685
1647254232768	RemoteAgent	WARN	TLS certificate errors will be ignored for this session
1647254340645	geckodriver	INFO	Listening on 127.0.0.1:52303
1647254341148	mozrunner::runner	INFO	Running command: "/usr/bin/firefox" "--marionette" "-headless" "--remote-debugging-port" "34341" "-no-remote" "-profile" "/tmp/rust_mozprofileHMjxk9"
*** You are running in headless mode.
[GFX1-]: glxtest: Unable to open a connection to the X server
[GFX1-]: glxtest: libEGL initialize failed
1647254341382	Marionette	INFO	Marionette enabled
[GFX1-]: RenderCompositorSWGL failed mapping default framebuffer, no dt
console.warn: SearchSettings: "get: No settings file exists, new profile?" (new NotFoundError("Could not open the file at /tmp/rust_mozprofileHMjxk9/search.json.mozlz4", (void 0)))
DevTools listening on ws://localhost:34341/devtools/browser/20f4dd0a-f5a4-4b33-b767-57710000918a
1647254343415	Marionette	INFO	Listening on port 40827
1647254343450	RemoteAgent	WARN	TLS certificate errors will be ignored for this session
1647254734825	geckodriver	INFO	Listening on 127.0.0.1:50087
1647254735329	mozrunner::runner	INFO	Running command: "/usr/bin/firefox" "--marionette" "-headless" "--remote-debugging-port" "50591" "-no-remote" "-profile" "/tmp/rust_mozprofileP6fR5i"
*** You are running in headless mode.
[GFX1-]: glxtest: Unable to open a connection to the X server
[GFX1-]: glxtest: libEGL initialize failed
1647254735576	Marionette	INFO	Marionette enabled
[GFX1-]: RenderCompositorSWGL failed mapping default framebuffer, no dt
console.warn: SearchSettings: "get: No settings file exists, new profile?" (new NotFoundError("Could not open the file at /tmp/rust_mozprofileP6fR5i/search.json.mozlz4", (void 0)))
DevTools listening on ws://localhost:50591/devtools/browser/eadb3814-67d6-4ffb-88e4-4c3645c67b57
1647254738169	Marionette	INFO	Listening on port 34493
1647254738292	RemoteAgent	WARN	TLS certificate errors will be ignored for this session
1647254969477	geckodriver	INFO	Listening on 127.0.0.1:36321
1647254969980	mozrunner::runner	INFO	Running command: "/usr/bin/firefox" "--marionette" "-headless" "--remote-debugging-port" "58115" "-no-remote" "-profile" "/tmp/rust_mozprofile3Tgpec"
*** You are running in headless mode.
[GFX1-]: glxtest: Unable to open a connection to the X server
[GFX1-]: glxtest: libEGL initialize failed
1647254970308	Marionette	INFO	Marionette enabled
[GFX1-]: RenderCompositorSWGL failed mapping default framebuffer, no dt
console.warn: SearchSettings: "get: No settings file exists, new profile?" (new NotFoundError("Could not open the file at /tmp/rust_mozprofile3Tgpec/search.json.mozlz4", (void 0)))
DevTools listening on ws://localhost:58115/devtools/browser/1e1e0b96-998b-4998-85d1-803f6d827f75
1647254972621	Marionette	INFO	Listening on port 46127
1647254972655	RemoteAgent	WARN	TLS certificate errors will be ignored for this session
1647255125723	addons.xpi	ERROR	System addon update list error Error: Failed downloading XML, status: 0, reason: error
1647402049152	geckodriver	INFO	Listening on 127.0.0.1:45035
1647402049664	mozrunner::runner	INFO	Running command: "/usr/bin/firefox" "--marionette" "-headless" "--remote-debugging-port" "50437" "-no-remote" "-profile" "/tmp/rust_mozprofileuMpNww"
*** You are running in headless mode.
[GFX1-]: glxtest: Unable to open a connection to the X server
[GFX1-]: glxtest: libEGL initialize failed
1647402050417	Marionette	INFO	Marionette enabled
[GFX1-]: RenderCompositorSWGL failed mapping default framebuffer, no dt
console.warn: SearchSettings: "get: No settings file exists, new profile?" (new NotFoundError("Could not open the file at /tmp/rust_mozprofileuMpNww/search.json.mozlz4", (void 0)))
DevTools listening on ws://localhost:50437/devtools/browser/cafcd95d-99b0-4bbf-8f3b-070babdf3e76
1647402055920	Marionette	INFO	Listening on port 33205
1647402056029	RemoteAgent	WARN	TLS certificate errors will be ignored for this session
1647402072777	geckodriver	INFO	Listening on 127.0.0.1:39545
1647402073277	mozrunner::runner	INFO	Running command: "/usr/bin/firefox" "--marionette" "-headless" "--remote-debugging-port" "35015" "-no-remote" "-profile" "/tmp/rust_mozprofilevjH1JQ"
*** You are running in headless mode.
[GFX1-]: glxtest: Unable to open a connection to the X server
[GFX1-]: glxtest: libEGL initialize failed
1647402073537	Marionette	INFO	Marionette enabled
[GFX1-]: RenderCompositorSWGL failed mapping default framebuffer, no dt
console.warn: SearchSettings: "get: No settings file exists, new profile?" (new NotFoundError("Could not open the file at /tmp/rust_mozprofilevjH1JQ/search.json.mozlz4", (void 0)))
DevTools listening on ws://localhost:35015/devtools/browser/8d3a7c53-5b02-41ac-9441-4f431e56b401
1647402076580	Marionette	INFO	Listening on port 34931
1647402076666	RemoteAgent	WARN	TLS certificate errors will be ignored for this session
[GFX1-]: Receive IPC close with reason=AbnormalShutdown
Exiting due to channel error.
[GFX1-]: Receive IPC close with reason=AbnormalShutdown
Exiting due to channel error.
Exiting due to channel error.
Exiting due to channel error.
Exiting due to channel error.
[GFX1-]: Receive IPC close with reason=AbnormalShutdown
Exiting due to channel error.
Exiting due to channel error.
Exiting due to channel error.
Exiting due to channel error.
Exiting due to channel error.
Exiting due to channel error.
Exiting due to channel error.
Exiting due to channel error.
Exiting due to channel error.
Exiting due to channel error.
Exiting due to channel error.
Exiting due to channel error.
[GFX1-]: Receive IPC close with reason=AbnormalShutdown
Exiting due to channel error.
Exiting due to channel error.
Exiting due to channel error.
Exiting due to channel error.
Exiting due to channel error.
Exiting due to channel error.
Exiting due to channel error.
Exiting due to channel error.
Exiting due to channel error.
Exiting due to channel error.
Exiting due to channel error.
Exiting due to channel error.
Exiting due to channel error.
Exiting due to channel error.
[GFX1-]: Receive IPC close with reason=AbnormalShutdown
Exiting due to channel error.
[GFX1-]: Receive IPC close with reason=AbnormalShutdown
Exiting due to channel error.
1647421463929	geckodriver	INFO	Listening on 127.0.0.1:56333
1647421464435	mozrunner::runner	INFO	Running command: "/usr/bin/firefox" "--marionette" "-headless" "--remote-debugging-port" "55569" "-no-remote" "-profile" "/tmp/rust_mozprofileZQIGLF"
*** You are running in headless mode.
[GFX1-]: glxtest: Unable to open a connection to the X server
[GFX1-]: glxtest: libEGL initialize failed
1647421464834	Marionette	INFO	Marionette enabled
[GFX1-]: RenderCompositorSWGL failed mapping default framebuffer, no dt
console.warn: SearchSettings: "get: No settings file exists, new profile?" (new NotFoundError("Could not open the file at /tmp/rust_mozprofileZQIGLF/search.json.mozlz4", (void 0)))
DevTools listening on ws://localhost:55569/devtools/browser/40528bc1-0a24-4321-ab0b-bd275fa9edee
1647421467499	Marionette	INFO	Listening on port 32975
1647421467611	RemoteAgent	WARN	TLS certificate errors will be ignored for this session
1647421528770	geckodriver	INFO	Listening on 127.0.0.1:36403
1647421529277	mozrunner::runner	INFO	Running command: "/usr/bin/firefox" "--marionette" "-headless" "--remote-debugging-port" "59779" "-no-remote" "-profile" "/tmp/rust_mozprofileUHNCtC"
*** You are running in headless mode.
[GFX1-]: glxtest: Unable to open a connection to the X server
[GFX1-]: glxtest: libEGL initialize failed
1647421529702	Marionette	INFO	Marionette enabled
[GFX1-]: RenderCompositorSWGL failed mapping default framebuffer, no dt
console.warn: SearchSettings: "get: No settings file exists, new profile?" (new NotFoundError("Could not open the file at /tmp/rust_mozprofileUHNCtC/search.json.mozlz4", (void 0)))
DevTools listening on ws://localhost:59779/devtools/browser/ffdb04e1-3acf-4d51-8122-1a0f425b99f5
1647421533510	Marionette	INFO	Listening on port 36583
1647421533537	RemoteAgent	WARN	TLS certificate errors will be ignored for this session
1647421639791	geckodriver	INFO	Listening on 127.0.0.1:33849
1647421640298	mozrunner::runner	INFO	Running command: "/usr/bin/firefox" "--marionette" "-headless" "--remote-debugging-port" "48955" "-no-remote" "-profile" "/tmp/rust_mozprofileleCC48"
*** You are running in headless mode.
[GFX1-]: glxtest: Unable to open a connection to the X server
[GFX1-]: glxtest: libEGL initialize failed
1647421640822	Marionette	INFO	Marionette enabled
[GFX1-]: RenderCompositorSWGL failed mapping default framebuffer, no dt
console.warn: SearchSettings: "get: No settings file exists, new profile?" (new NotFoundError("Could not open the file at /tmp/rust_mozprofileleCC48/search.json.mozlz4", (void 0)))
DevTools listening on ws://localhost:48955/devtools/browser/d96548d4-8274-4ead-9aa2-0355e11b3092
1647421644168	Marionette	INFO	Listening on port 36375
1647421644286	RemoteAgent	WARN	TLS certificate errors will be ignored for this session
1647423075746	geckodriver	INFO	Listening on 127.0.0.1:47793
1647423076255	mozrunner::runner	INFO	Running command: "/usr/bin/firefox" "--marionette" "-headless" "--remote-debugging-port" "57213" "-no-remote" "-profile" "/tmp/rust_mozprofileMiSY7J"
*** You are running in headless mode.
[GFX1-]: glxtest: Unable to open a connection to the X server
[GFX1-]: glxtest: libEGL initialize failed
1647423076669	Marionette	INFO	Marionette enabled
[GFX1-]: RenderCompositorSWGL failed mapping default framebuffer, no dt
console.warn: SearchSettings: "get: No settings file exists, new profile?" (new NotFoundError("Could not open the file at /tmp/rust_mozprofileMiSY7J/search.json.mozlz4", (void 0)))
DevTools listening on ws://localhost:57213/devtools/browser/116f551d-fdca-4b99-9f62-1e5d20e60a16
1647423079664	Marionette	INFO	Listening on port 41503
1647423079824	RemoteAgent	WARN	TLS certificate errors will be ignored for this session
1647423121677	geckodriver	INFO	Listening on 127.0.0.1:44431
1647423122179	mozrunner::runner	INFO	Running command: "/usr/bin/firefox" "--marionette" "-headless" "--remote-debugging-port" "33587" "-no-remote" "-profile" "/tmp/rust_mozprofile6AMh6N"
*** You are running in headless mode.
[GFX1-]: glxtest: Unable to open a connection to the X server
[GFX1-]: glxtest: libEGL initialize failed
1647423122713	Marionette	INFO	Marionette enabled
[GFX1-]: RenderCompositorSWGL failed mapping default framebuffer, no dt
console.warn: SearchSettings: "get: No settings file exists, new profile?" (new NotFoundError("Could not open the file at /tmp/rust_mozprofile6AMh6N/search.json.mozlz4", (void 0)))
DevTools listening on ws://localhost:33587/devtools/browser/d6633815-7a62-4d8e-bcc8-314c4c2863c5
1647423126195	Marionette	INFO	Listening on port 39025
1647423126293	RemoteAgent	WARN	TLS certificate errors will be ignored for this session
1647423153438	geckodriver	INFO	Listening on 127.0.0.1:39763
1647423153945	mozrunner::runner	INFO	Running command: "/usr/bin/firefox" "--marionette" "-headless" "--remote-debugging-port" "37621" "-no-remote" "-profile" "/tmp/rust_mozprofileBDrtxN"
*** You are running in headless mode.
[GFX1-]: glxtest: Unable to open a connection to the X server
[GFX1-]: glxtest: libEGL initialize failed
1647423154372	Marionette	INFO	Marionette enabled
[GFX1-]: RenderCompositorSWGL failed mapping default framebuffer, no dt
console.warn: SearchSettings: "get: No settings file exists, new profile?" (new NotFoundError("Could not open the file at /tmp/rust_mozprofileBDrtxN/search.json.mozlz4", (void 0)))
DevTools listening on ws://localhost:37621/devtools/browser/ad77dfb7-e2bc-4881-bf79-9a5ff5b13d82
1647423157319	Marionette	INFO	Listening on port 40947
1647423157513	RemoteAgent	WARN	TLS certificate errors will be ignored for this session
1647423175546	geckodriver	INFO	Listening on 127.0.0.1:47923
1647423176050	mozrunner::runner	INFO	Running command: "/usr/bin/firefox" "--marionette" "-headless" "--remote-debugging-port" "38907" "-no-remote" "-profile" "/tmp/rust_mozprofileeGULO7"
*** You are running in headless mode.
[GFX1-]: glxtest: Unable to open a connection to the X server
[GFX1-]: glxtest: libEGL initialize failed
1647423176480	Marionette	INFO	Marionette enabled
[GFX1-]: RenderCompositorSWGL failed mapping default framebuffer, no dt
console.warn: SearchSettings: "get: No settings file exists, new profile?" (new NotFoundError("Could not open the file at /tmp/rust_mozprofileeGULO7/search.json.mozlz4", (void 0)))
DevTools listening on ws://localhost:38907/devtools/browser/256c51a6-491e-4b12-82c1-bcbc27c733af
1647423179943	Marionette	INFO	Listening on port 40045
1647423180026	RemoteAgent	WARN	TLS certificate errors will be ignored for this session
1647423979371	geckodriver	INFO	Listening on 127.0.0.1:40673
1647423979891	mozrunner::runner	INFO	Running command: "/usr/bin/firefox" "--marionette" "-headless" "--remote-debugging-port" "52677" "-no-remote" "-profile" "/tmp/rust_mozprofileKLAyL3"
*** You are running in headless mode.
[GFX1-]: glxtest: Unable to open a connection to the X server
[GFX1-]: glxtest: libEGL initialize failed
1647423980415	Marionette	INFO	Marionette enabled
[GFX1-]: RenderCompositorSWGL failed mapping default framebuffer, no dt
console.warn: SearchSettings: "get: No settings file exists, new profile?" (new NotFoundError("Could not open the file at /tmp/rust_mozprofileKLAyL3/search.json.mozlz4", (void 0)))
DevTools listening on ws://localhost:52677/devtools/browser/7b66f5a2-04a8-46d8-9e40-3d94de73d7c3
1647423983457	Marionette	INFO	Listening on port 38537
1647423983828	RemoteAgent	WARN	TLS certificate errors will be ignored for this session
1647424306280	geckodriver	INFO	Listening on 127.0.0.1:41381
1647424306784	mozrunner::runner	INFO	Running command: "/usr/bin/firefox" "--marionette" "-headless" "--remote-debugging-port" "33491" "-no-remote" "-profile" "/tmp/rust_mozprofileehOTOl"
*** You are running in headless mode.
1647424307106	Marionette	INFO	Marionette enabled
[GFX1-]: RenderCompositorSWGL failed mapping default framebuffer, no dt
console.warn: SearchSettings: "get: No settings file exists, new profile?" (new NotFoundError("Could not open the file at /tmp/rust_mozprofileehOTOl/search.json.mozlz4", (void 0)))
DevTools listening on ws://localhost:33491/devtools/browser/c0f86b8b-629a-4def-a112-292c3701acb7
1647424308959	Marionette	INFO	Listening on port 44335
1647424309197	RemoteAgent	WARN	TLS certificate errors will be ignored for this session
1647424576620	geckodriver	INFO	Listening on 127.0.0.1:47205
1647424577124	mozrunner::runner	INFO	Running command: "/usr/bin/firefox" "--marionette" "--remote-debugging-port" "59317" "-no-remote" "-profile" "/tmp/rust_mozprofile31Je5w"
Error: no DISPLAY environment variable specified
1647424820445	geckodriver	INFO	Listening on 127.0.0.1:41831
1647424820954	mozrunner::runner	INFO	Running command: "/usr/bin/firefox" "--marionette" "-headless" "--remote-debugging-port" "42499" "-no-remote" "-profile" "/tmp/rust_mozprofile2vRVV4"
*** You are running in headless mode.
[GFX1-]: glxtest: Unable to open a connection to the X server
[GFX1-]: glxtest: libEGL initialize failed
1647424821487	Marionette	INFO	Marionette enabled
[GFX1-]: RenderCompositorSWGL failed mapping default framebuffer, no dt
console.warn: SearchSettings: "get: No settings file exists, new profile?" (new NotFoundError("Could not open the file at /tmp/rust_mozprofile2vRVV4/search.json.mozlz4", (void 0)))
DevTools listening on ws://localhost:42499/devtools/browser/c0a3a19e-b16a-4319-a2f7-23c48855de06
1647424823978	Marionette	INFO	Listening on port 44107
1647424824071	RemoteAgent	WARN	TLS certificate errors will be ignored for this session
JavaScript error: , line 0: TypeError: NetworkError when attempting to fetch resource.
JavaScript warning: https://pagead2.googlesyndication.com/bg/Xhw_M0l6ptRjT5fviZdmut9BPjYAyU223Oe_EyJMDPw.js line 1 > eval line 3456 > eval line 1 > eval line 1 > eval, line 1: WebGL warning: <Create>: WebglAllowWindowsNativeGl:false restricts context creation on this system.
JavaScript warning: https://pagead2.googlesyndication.com/bg/Xhw_M0l6ptRjT5fviZdmut9BPjYAyU223Oe_EyJMDPw.js line 1 > eval line 3456 > eval line 1 > eval line 1 > eval, line 1: Failed to create WebGL context: WebGL creation failed: 
* WebglAllowWindowsNativeGl:false restricts context creation on this system. ()
* Exhausted GL driver options. (FEATURE_FAILURE_WEBGL_EXHAUSTED_DRIVERS)
1647424835276	Marionette	INFO	Stopped listening on port 44107

###!!! [Parent][PContentParent] Error: Send(msgname=PContent::Reply_DiscardBrowsingContext) Closed channel: cannot send/recv


###!!! [Parent][PContentParent] Error: Send(msgname=PContent::Reply_DiscardBrowsingContext) Closed channel: cannot send/recv


###!!! [Parent][PContentParent] Error: Send(msgname=PContent::Reply_DiscardBrowsingContext) Closed channel: cannot send/recv


###!!! [Parent][PContentParent] Error: Send(msgname=PContent::Reply_DiscardBrowsingContext) Closed channel: cannot send/recv


###!!! [Parent][PContentParent] Error: Send(msgname=PContent::Reply_DiscardBrowsingContext) Closed channel: cannot send/recv


###!!! [Parent][PContentParent] Error: Send(msgname=PContent::Reply_DiscardBrowsingContext) Closed channel: cannot send/recv


###!!! [Parent][PContentParent] Error: Send(msgname=PContent::Msg_DestroyBrowsingContextGroup) Closed channel: cannot send/recv


###!!! [Parent][PContentParent] Error: Send(msgname=PContent::Reply_DiscardBrowsingContext) Closed channel: cannot send/recv

